This is XeTeX, Version 3.14159265-2.6-0.99999 (TeX Live 2018) (preloaded format=xelatex 2019.2.25)  12 MAY 2019 11:42
entering extended mode
 restricted \write18 enabled.
 %&-line parsing enabled.
**/home/charles/Documents/repos/metasim/analysis/ratios_dist_table.tex
(/home/charles/Documents/repos/metasim/analysis/ratios_dist_table.tex
LaTeX2e <2018-12-01>

! LaTeX Error: File `standalone.cls' not found.

Type X to quit or <RETURN> to proceed,
or enter new name. (Default extension: cls)

Enter file name: 
! Emergency stop.
<read *> 
         
l.2 \usepackage
               [active,tightpage]{preview}^^M
*** (cannot \read from terminal in nonstop modes)

 
Here is how much of TeX's memory you used:
 10 strings out of 494921
 290 string characters out of 6177932
 55940 words of memory out of 5000000
 4015 multiletter control sequences out of 15000+600000
 3640 words of font info for 14 fonts, out of 8000000 for 9000
 14 hyphenation exceptions out of 8191
 10i,0n,8p,129b,8s stack positions out of 5000i,500n,10000p,200000b,80000s
No pages of output.
